SERVICES variable is ignored if EAGER_SERVICE_LOADING=0.
Persistence mode was activated using the DATA_DIR variable. DATA_DIR is deprecated and its value is ignored. The data is instead stored into /var/lib/localstack/state in the LocalStack volume.
2022-07-19T10:31:44.163 DEBUG --- [  MainThread] stevedore.extension        : found extension EntryPoint(name='patch_get_account_id', value='localstack.aws.accounts:patch_get_account_id', group='localstack.hooks.on_infra_start')
2022-07-19T10:31:44.164 DEBUG --- [  MainThread] stevedore.extension        : found extension EntryPoint(name='register_partition_adjusting_proxy_listener', value='localstack.plugins:register_partition_adjusting_proxy_listener', group='localstack.hooks.on_infra_start')
2022-07-19T10:31:44.165 DEBUG --- [  MainThread] stevedore.extension        : found extension EntryPoint(name='add_aws_request_logger', value='localstack_ext.analytics.plugins:add_aws_request_logger', group='localstack.hooks.on_infra_start')
2022-07-19T10:31:44.166 DEBUG --- [  MainThread] stevedore.extension        : found extension EntryPoint(name='add_custom_edge_routes', value='localstack_ext.plugins:add_custom_edge_routes', group='localstack.hooks.on_infra_start')
2022-07-19T10:31:44.170 DEBUG --- [  MainThread] stevedore.extension        : found extension EntryPoint(name='add_iam_enforcement_listener', value='localstack_ext.services.iam.plugins:add_iam_enforcement_listener', group='localstack.hooks.on_infra_start')
2022-07-19T10:31:44.172 DEBUG --- [  MainThread] stevedore.extension        : found extension EntryPoint(name='add_legacy_iam_enforcement_listener', value='localstack_ext.services.iam.plugins:add_legacy_iam_enforcement_listener', group='localstack.hooks.on_infra_start')
2022-07-19T10:31:44.172 DEBUG --- [  MainThread] stevedore.extension        : found extension EntryPoint(name='extensions_on_infra_start', value='localstack_ext.extensions.plugins:extensions_on_infra_start', group='localstack.hooks.on_infra_start')
2022-07-19T10:31:44.173 DEBUG --- [  MainThread] stevedore.extension        : found extension EntryPoint(name='patch_account_id_resolver', value='localstack_ext.plugins:patch_account_id_resolver', group='localstack.hooks.on_infra_start')
2022-07-19T10:31:44.174 DEBUG --- [  MainThread] stevedore.extension        : found extension EntryPoint(name='patch_get_account_id_from_access_key_id', value='localstack_ext.plugins:patch_get_account_id_from_access_key_id', group='localstack.hooks.on_infra_start')
2022-07-19T10:31:44.174 DEBUG --- [  MainThread] stevedore.extension        : found extension EntryPoint(name='patch_moto_backend_dict', value='localstack_ext.plugins:patch_moto_backend_dict', group='localstack.hooks.on_infra_start')
2022-07-19T10:31:44.174 DEBUG --- [  MainThread] stevedore.extension        : found extension EntryPoint(name='register_pods_api', value='localstack_ext.persistence.plugins:register_pods_api', group='localstack.hooks.on_infra_start')
2022-07-19T10:31:44.175 DEBUG --- [  MainThread] stevedore.extension        : found extension EntryPoint(name='register_state_serializer_handlers', value='localstack_ext.persistence.plugins:register_state_serializer_handlers', group='localstack.hooks.on_infra_start')
2022-07-19T10:31:44.175 DEBUG --- [  MainThread] stevedore.extension        : found extension EntryPoint(name='setup_pro_infra', value='localstack_ext.plugins:setup_pro_infra', group='localstack.hooks.on_infra_start')
2022-07-19T10:31:44.176 DEBUG --- [  MainThread] plugin.manager             : instantiating plugin PluginSpec(localstack.hooks.on_infra_start.patch_get_account_id = <function patch_get_account_id at 0x7fd4acefa680>)
2022-07-19T10:31:44.176 DEBUG --- [  MainThread] plugin.manager             : loading plugin localstack.hooks.on_infra_start:patch_get_account_id
2022-07-19T10:31:44.176 DEBUG --- [  MainThread] plugin.manager             : instantiating plugin PluginSpec(localstack.hooks.on_infra_start.register_partition_adjusting_proxy_listener = <function register_partition_adjusting_proxy_listener at 0x7fd4ac882710>)
2022-07-19T10:31:44.177 DEBUG --- [  MainThread] plugin.manager             : plugin localstack.hooks.on_infra_start:register_partition_adjusting_proxy_listener is disabled
2022-07-19T10:31:44.177 DEBUG --- [  MainThread] plugin.manager             : instantiating plugin PluginSpec(localstack.hooks.on_infra_start.add_aws_request_logger = <function add_aws_request_logger at 0x7fd4ac882a70>)
2022-07-19T10:31:44.177 DEBUG --- [  MainThread] plugin.manager             : plugin localstack.hooks.on_infra_start:add_aws_request_logger is disabled
2022-07-19T10:31:44.178 DEBUG --- [  MainThread] plugin.manager             : instantiating plugin PluginSpec(localstack.hooks.on_infra_start.add_custom_edge_routes = <function add_custom_edge_routes at 0x7fd4ac8c72e0>)
2022-07-19T10:31:44.179 DEBUG --- [  MainThread] plugin.manager             : plugin localstack.hooks.on_infra_start:add_custom_edge_routes is disabled
2022-07-19T10:31:44.179 DEBUG --- [  MainThread] plugin.manager             : instantiating plugin PluginSpec(localstack.hooks.on_infra_start.add_iam_enforcement_listener = <function add_iam_enforcement_listener at 0x7fd4ac8d8550>)
2022-07-19T10:31:44.180 DEBUG --- [  MainThread] plugin.manager             : plugin localstack.hooks.on_infra_start:add_iam_enforcement_listener is disabled
2022-07-19T10:31:44.180 DEBUG --- [  MainThread] plugin.manager             : instantiating plugin PluginSpec(localstack.hooks.on_infra_start.add_legacy_iam_enforcement_listener = <function add_legacy_iam_enforcement_listener at 0x7fd4ac8d83a0>)
2022-07-19T10:31:44.180 DEBUG --- [  MainThread] plugin.manager             : plugin localstack.hooks.on_infra_start:add_legacy_iam_enforcement_listener is disabled
2022-07-19T10:31:44.180 DEBUG --- [  MainThread] plugin.manager             : instantiating plugin PluginSpec(localstack.hooks.on_infra_start.extensions_on_infra_start = <function extensions_on_infra_start at 0x7fd4ac8d88b0>)
2022-07-19T10:31:44.180 DEBUG --- [  MainThread] plugin.manager             : plugin localstack.hooks.on_infra_start:extensions_on_infra_start is disabled
2022-07-19T10:31:44.180 DEBUG --- [  MainThread] plugin.manager             : instantiating plugin PluginSpec(localstack.hooks.on_infra_start.patch_account_id_resolver = <function patch_account_id_resolver at 0x7fd4ac8c7520>)
2022-07-19T10:31:44.180 DEBUG --- [  MainThread] plugin.manager             : plugin localstack.hooks.on_infra_start:patch_account_id_resolver is disabled
2022-07-19T10:31:44.181 DEBUG --- [  MainThread] plugin.manager             : instantiating plugin PluginSpec(localstack.hooks.on_infra_start.patch_get_account_id_from_access_key_id = <function patch_get_account_id_from_access_key_id at 0x7fd4ac8c7640>)
2022-07-19T10:31:44.181 DEBUG --- [  MainThread] plugin.manager             : plugin localstack.hooks.on_infra_start:patch_get_account_id_from_access_key_id is disabled
2022-07-19T10:31:44.181 DEBUG --- [  MainThread] plugin.manager             : instantiating plugin PluginSpec(localstack.hooks.on_infra_start.patch_moto_backend_dict = <function patch_moto_backend_dict at 0x7fd4ac8c7400>)
2022-07-19T10:31:44.181 DEBUG --- [  MainThread] plugin.manager             : plugin localstack.hooks.on_infra_start:patch_moto_backend_dict is disabled
2022-07-19T10:31:44.181 DEBUG --- [  MainThread] plugin.manager             : instantiating plugin PluginSpec(localstack.hooks.on_infra_start.register_pods_api = <function register_pods_api at 0x7fd4ac8d8d30>)
2022-07-19T10:31:44.181 DEBUG --- [  MainThread] plugin.manager             : plugin localstack.hooks.on_infra_start:register_pods_api is disabled
2022-07-19T10:31:44.181 DEBUG --- [  MainThread] plugin.manager             : instantiating plugin PluginSpec(localstack.hooks.on_infra_start.register_state_serializer_handlers = <function register_state_serializer_handlers at 0x7fd4ac8d8e50>)
2022-07-19T10:31:44.181 DEBUG --- [  MainThread] plugin.manager             : plugin localstack.hooks.on_infra_start:register_state_serializer_handlers is disabled
2022-07-19T10:31:44.181 DEBUG --- [  MainThread] plugin.manager             : instantiating plugin PluginSpec(localstack.hooks.on_infra_start.setup_pro_infra = <function setup_pro_infra at 0x7fd4ac8c7be0>)
2022-07-19T10:31:44.181 DEBUG --- [  MainThread] plugin.manager             : plugin localstack.hooks.on_infra_start:setup_pro_infra is disabled
2022-07-19T10:31:44.235 DEBUG --- [d-2 (worker)] l.services.install         : getting kinesis-mock for linux x86_64
2022-07-19T10:31:44.236 DEBUG --- [d-2 (worker)] l.services.install         : kinesis-mock found at /usr/lib/localstack/kinesis-mock/kinesis-mock-linux-amd64-static
2022-07-19T10:31:44.242 DEBUG --- [d-2 (worker)] localstack.utils.run       : Executing command: ['zip', '-u', 'DynamoDBLocal.jar', 'log4j2.xml']
2022-07-19T10:31:44.326 DEBUG --- [d-2 (worker)] localstack.utils.run       : Executing command: ['unzip', '-o', 'DynamoDBLocal.jar', 'META-INF/MANIFEST.MF']
2022-07-19T10:31:44.437  WARN --- [  Thread-105] l.services.internal        : Enabling diagnose endpoint, please be aware that this can expose sensitive information via your network.
2022-07-19T10:31:44.442 DEBUG --- [  Thread-105] l.bootstrap.install        : Using cached SSL certificate (less than 6hrs since last update).
2022-07-19T10:31:44.444  WARN --- [  Thread-106] hypercorn.error            : ASGI Framework Lifespan error, continuing without Lifespan support
2022-07-19T10:31:44.444  WARN --- [  Thread-106] hypercorn.error            : ASGI Framework Lifespan error, continuing without Lifespan support
2022-07-19T10:31:44.445  INFO --- [  Thread-106] hypercorn.error            : Running on https://0.0.0.0:4566 (CTRL + C to quit)
2022-07-19T10:31:44.445  INFO --- [  Thread-106] hypercorn.error            : Running on https://0.0.0.0:4566 (CTRL + C to quit)
2022-07-19T10:31:44.690 DEBUG --- [  MainThread] stevedore.extension        : found extension EntryPoint(name='acm:default', value='localstack.services.providers:acm', group='localstack.aws.provider')
2022-07-19T10:31:44.691 DEBUG --- [  MainThread] stevedore.extension        : found extension EntryPoint(name='apigateway:default', value='localstack.services.providers:apigateway_asf', group='localstack.aws.provider')
2022-07-19T10:31:44.691 DEBUG --- [  MainThread] stevedore.extension        : found extension EntryPoint(name='apigateway:legacy', value='localstack.services.providers:apigateway_legacy', group='localstack.aws.provider')
2022-07-19T10:31:44.691 DEBUG --- [  MainThread] stevedore.extension        : found extension EntryPoint(name='cloudformation:default', value='localstack.services.providers:cloudformation', group='localstack.aws.provider')
2022-07-19T10:31:44.691 DEBUG --- [  MainThread] stevedore.extension        : found extension EntryPoint(name='cloudwatch:default', value='localstack.services.providers:cloudwatch', group='localstack.aws.provider')
2022-07-19T10:31:44.692 DEBUG --- [  MainThread] stevedore.extension        : found extension EntryPoint(name='config:default', value='localstack.services.providers:awsconfig', group='localstack.aws.provider')
2022-07-19T10:31:44.692 DEBUG --- [  MainThread] stevedore.extension        : found extension EntryPoint(name='dynamodb:default', value='localstack.services.providers:dynamodb', group='localstack.aws.provider')
2022-07-19T10:31:44.692 DEBUG --- [  MainThread] stevedore.extension        : found extension EntryPoint(name='dynamodbstreams:default', value='localstack.services.providers:dynamodbstreams', group='localstack.aws.provider')
2022-07-19T10:31:44.692 DEBUG --- [  MainThread] stevedore.extension        : found extension EntryPoint(name='ec2:default', value='localstack.services.providers:ec2', group='localstack.aws.provider')
2022-07-19T10:31:44.692 DEBUG --- [  MainThread] stevedore.extension        : found extension EntryPoint(name='es:default', value='localstack.services.providers:es', group='localstack.aws.provider')
2022-07-19T10:31:44.692 DEBUG --- [  MainThread] stevedore.extension        : found extension EntryPoint(name='events:default', value='localstack.services.providers:events', group='localstack.aws.provider')
2022-07-19T10:31:44.692 DEBUG --- [  MainThread] stevedore.extension        : found extension EntryPoint(name='firehose:default', value='localstack.services.providers:firehose', group='localstack.aws.provider')
2022-07-19T10:31:44.692 DEBUG --- [  MainThread] stevedore.extension        : found extension EntryPoint(name='iam:default', value='localstack.services.providers:iam', group='localstack.aws.provider')
2022-07-19T10:31:44.692 DEBUG --- [  MainThread] stevedore.extension        : found extension EntryPoint(name='kinesis:default', value='localstack.services.providers:kinesis', group='localstack.aws.provider')
2022-07-19T10:31:44.692 DEBUG --- [  MainThread] stevedore.extension        : found extension EntryPoint(name='kms:default', value='localstack.services.providers:kms', group='localstack.aws.provider')
2022-07-19T10:31:44.692 DEBUG --- [  MainThread] stevedore.extension        : found extension EntryPoint(name='lambda:asf', value='localstack.services.providers:awslambda_asf', group='localstack.aws.provider')
2022-07-19T10:31:44.692 DEBUG --- [  MainThread] stevedore.extension        : found extension EntryPoint(name='lambda:default', value='localstack.services.providers:awslambda', group='localstack.aws.provider')
2022-07-19T10:31:44.692 DEBUG --- [  MainThread] stevedore.extension        : found extension EntryPoint(name='logs:default', value='localstack.services.providers:logs', group='localstack.aws.provider')
2022-07-19T10:31:44.692 DEBUG --- [  MainThread] stevedore.extension        : found extension EntryPoint(name='opensearch:default', value='localstack.services.providers:opensearch', group='localstack.aws.provider')
2022-07-19T10:31:44.693 DEBUG --- [  MainThread] stevedore.extension        : found extension EntryPoint(name='redshift:default', value='localstack.services.providers:redshift', group='localstack.aws.provider')
2022-07-19T10:31:44.693 DEBUG --- [  MainThread] stevedore.extension        : found extension EntryPoint(name='resource-groups:default', value='localstack.services.providers:resource_groups', group='localstack.aws.provider')
2022-07-19T10:31:44.693 DEBUG --- [  MainThread] stevedore.extension        : found extension EntryPoint(name='resourcegroupstaggingapi:default', value='localstack.services.providers:resourcegroupstaggingapi', group='localstack.aws.provider')
2022-07-19T10:31:44.693 DEBUG --- [  MainThread] stevedore.extension        : found extension EntryPoint(name='route53:default', value='localstack.services.providers:route53', group='localstack.aws.provider')
2022-07-19T10:31:44.693 DEBUG --- [  MainThread] stevedore.extension        : found extension EntryPoint(name='route53resolver:default', value='localstack.services.providers:route53resolver', group='localstack.aws.provider')
2022-07-19T10:31:44.693 DEBUG --- [  MainThread] stevedore.extension        : found extension EntryPoint(name='s3:default', value='localstack.services.providers:s3', group='localstack.aws.provider')
2022-07-19T10:31:44.693 DEBUG --- [  MainThread] stevedore.extension        : found extension EntryPoint(name='s3control:default', value='localstack.services.providers:s3control', group='localstack.aws.provider')
2022-07-19T10:31:44.693 DEBUG --- [  MainThread] stevedore.extension        : found extension EntryPoint(name='secretsmanager:default', value='localstack.services.providers:secretsmanager', group='localstack.aws.provider')
2022-07-19T10:31:44.693 DEBUG --- [  MainThread] stevedore.extension        : found extension EntryPoint(name='ses:default', value='localstack.services.providers:ses', group='localstack.aws.provider')
2022-07-19T10:31:44.693 DEBUG --- [  MainThread] stevedore.extension        : found extension EntryPoint(name='sns:default', value='localstack.services.providers:sns', group='localstack.aws.provider')
2022-07-19T10:31:44.693 DEBUG --- [  MainThread] stevedore.extension        : found extension EntryPoint(name='sqs:default', value='localstack.services.providers:sqs', group='localstack.aws.provider')
2022-07-19T10:31:44.693 DEBUG --- [  MainThread] stevedore.extension        : found extension EntryPoint(name='sqs:legacy', value='localstack.services.providers:sqs_legacy', group='localstack.aws.provider')
2022-07-19T10:31:44.693 DEBUG --- [  MainThread] stevedore.extension        : found extension EntryPoint(name='ssm:default', value='localstack.services.providers:ssm', group='localstack.aws.provider')
2022-07-19T10:31:44.693 DEBUG --- [  MainThread] stevedore.extension        : found extension EntryPoint(name='stepfunctions:default', value='localstack.services.providers:stepfunctions', group='localstack.aws.provider')
2022-07-19T10:31:44.693 DEBUG --- [  MainThread] stevedore.extension        : found extension EntryPoint(name='sts:default', value='localstack.services.providers:sts', group='localstack.aws.provider')
2022-07-19T10:31:44.693 DEBUG --- [  MainThread] stevedore.extension        : found extension EntryPoint(name='support:default', value='localstack.services.providers:support', group='localstack.aws.provider')
2022-07-19T10:31:44.693 DEBUG --- [  MainThread] stevedore.extension        : found extension EntryPoint(name='swf:default', value='localstack.services.providers:swf', group='localstack.aws.provider')
2022-07-19T10:31:44.693 DEBUG --- [  MainThread] stevedore.extension        : found extension EntryPoint(name='amplify:pro', value='localstack_ext.providers:amplify', group='localstack.aws.provider')
2022-07-19T10:31:44.694 DEBUG --- [  MainThread] stevedore.extension        : found extension EntryPoint(name='apigateway:legacy_pro', value='localstack_ext.providers:apigateway_legacy', group='localstack.aws.provider')
2022-07-19T10:31:44.694 DEBUG --- [  MainThread] stevedore.extension        : found extension EntryPoint(name='apigateway:pro', value='localstack_ext.providers:apigateway', group='localstack.aws.provider')
2022-07-19T10:31:44.694 DEBUG --- [  MainThread] stevedore.extension        : found extension EntryPoint(name='apigatewaymanagementapi:pro', value='localstack_ext.providers:apigatewaymanagementapi', group='localstack.aws.provider')
2022-07-19T10:31:44.694 DEBUG --- [  MainThread] stevedore.extension        : found extension EntryPoint(name='apigatewayv2:legacy_pro', value='localstack_ext.providers:apigatewayv2_legacy', group='localstack.aws.provider')
2022-07-19T10:31:44.694 DEBUG --- [  MainThread] stevedore.extension        : found extension EntryPoint(name='apigatewayv2:pro', value='localstack_ext.providers:apigatewayv2', group='localstack.aws.provider')
2022-07-19T10:31:44.695 DEBUG --- [  MainThread] stevedore.extension        : found extension EntryPoint(name='appconfig:pro', value='localstack_ext.providers:appconfig', group='localstack.aws.provider')
2022-07-19T10:31:44.695 DEBUG --- [  MainThread] stevedore.extension        : found extension EntryPoint(name='application-autoscaling:pro', value='localstack_ext.providers:application_autoscaling', group='localstack.aws.provider')
2022-07-19T10:31:44.695 DEBUG --- [  MainThread] stevedore.extension        : found extension EntryPoint(name='appsync:pro', value='localstack_ext.providers:appsync', group='localstack.aws.provider')
2022-07-19T10:31:44.695 DEBUG --- [  MainThread] stevedore.extension        : found extension EntryPoint(name='athena:pro', value='localstack_ext.providers:athena', group='localstack.aws.provider')
2022-07-19T10:31:44.695 DEBUG --- [  MainThread] stevedore.extension        : found extension EntryPoint(name='autoscaling:pro', value='localstack_ext.providers:autoscaling', group='localstack.aws.provider')
2022-07-19T10:31:44.695 DEBUG --- [  MainThread] stevedore.extension        : found extension EntryPoint(name='azure:pro', value='localstack_ext.providers:azure', group='localstack.aws.provider')
2022-07-19T10:31:44.695 DEBUG --- [  MainThread] stevedore.extension        : found extension EntryPoint(name='backup:pro', value='localstack_ext.providers:backup', group='localstack.aws.provider')
2022-07-19T10:31:44.695 DEBUG --- [  MainThread] stevedore.extension        : found extension EntryPoint(name='batch:pro', value='localstack_ext.providers:batch', group='localstack.aws.provider')
2022-07-19T10:31:44.695 DEBUG --- [  MainThread] stevedore.extension        : found extension EntryPoint(name='ce:pro', value='localstack_ext.providers:ce', group='localstack.aws.provider')
2022-07-19T10:31:44.695 DEBUG --- [  MainThread] stevedore.extension        : found extension EntryPoint(name='cloudformation:pro', value='localstack_ext.providers:cloudformation', group='localstack.aws.provider')
2022-07-19T10:31:44.695 DEBUG --- [  MainThread] stevedore.extension        : found extension EntryPoint(name='cloudfront:pro', value='localstack_ext.providers:cloudfront', group='localstack.aws.provider')
2022-07-19T10:31:44.695 DEBUG --- [  MainThread] stevedore.extension        : found extension EntryPoint(name='cloudtrail:pro', value='localstack_ext.providers:cloudtrail', group='localstack.aws.provider')
2022-07-19T10:31:44.695 DEBUG --- [  MainThread] stevedore.extension        : found extension EntryPoint(name='codecommit:pro', value='localstack_ext.providers:codecommit', group='localstack.aws.provider')
2022-07-19T10:31:44.695 DEBUG --- [  MainThread] stevedore.extension        : found extension EntryPoint(name='cognito-identity:pro', value='localstack_ext.providers:cognito_identity', group='localstack.aws.provider')
2022-07-19T10:31:44.695 DEBUG --- [  MainThread] stevedore.extension        : found extension EntryPoint(name='cognito-idp:pro', value='localstack_ext.providers:cognito_idp', group='localstack.aws.provider')
2022-07-19T10:31:44.695 DEBUG --- [  MainThread] stevedore.extension        : found extension EntryPoint(name='docdb:pro', value='localstack_ext.providers:docdb', group='localstack.aws.provider')
2022-07-19T10:31:44.695 DEBUG --- [  MainThread] stevedore.extension        : found extension EntryPoint(name='dynamodb:pro', value='localstack_ext.providers:dynamodb', group='localstack.aws.provider')
2022-07-19T10:31:44.695 DEBUG --- [  MainThread] stevedore.extension        : found extension EntryPoint(name='dynamodbstreams:pro', value='localstack_ext.providers:dynamodbstreams', group='localstack.aws.provider')
2022-07-19T10:31:44.696 DEBUG --- [  MainThread] stevedore.extension        : found extension EntryPoint(name='ec2:pro', value='localstack_ext.providers:ec2', group='localstack.aws.provider')
2022-07-19T10:31:44.696 DEBUG --- [  MainThread] stevedore.extension        : found extension EntryPoint(name='ecr:pro', value='localstack_ext.providers:ecr', group='localstack.aws.provider')
2022-07-19T10:31:44.696 DEBUG --- [  MainThread] stevedore.extension        : found extension EntryPoint(name='ecs:pro', value='localstack_ext.providers:ecs', group='localstack.aws.provider')
2022-07-19T10:31:44.696 DEBUG --- [  MainThread] stevedore.extension        : found extension EntryPoint(name='efs:pro', value='localstack_ext.providers:efs', group='localstack.aws.provider')
2022-07-19T10:31:44.696 DEBUG --- [  MainThread] stevedore.extension        : found extension EntryPoint(name='eks:mock', value='localstack_ext.providers:eks_mock', group='localstack.aws.provider')
2022-07-19T10:31:44.696 DEBUG --- [  MainThread] stevedore.extension        : found extension EntryPoint(name='eks:pro', value='localstack_ext.providers:eks', group='localstack.aws.provider')
2022-07-19T10:31:44.696 DEBUG --- [  MainThread] stevedore.extension        : found extension EntryPoint(name='elasticache:pro', value='localstack_ext.providers:elasticache', group='localstack.aws.provider')
2022-07-19T10:31:44.696 DEBUG --- [  MainThread] stevedore.extension        : found extension EntryPoint(name='elasticbeanstalk:pro', value='localstack_ext.providers:elasticbeanstalk', group='localstack.aws.provider')
2022-07-19T10:31:44.696 DEBUG --- [  MainThread] stevedore.extension        : found extension EntryPoint(name='elb:pro', value='localstack_ext.providers:elb', group='localstack.aws.provider')
2022-07-19T10:31:44.696 DEBUG --- [  MainThread] stevedore.extension        : found extension EntryPoint(name='elbv2:pro', value='localstack_ext.providers:elbv2', group='localstack.aws.provider')
2022-07-19T10:31:44.696 DEBUG --- [  MainThread] stevedore.extension        : found extension EntryPoint(name='emr:pro', value='localstack_ext.providers:emr', group='localstack.aws.provider')
2022-07-19T10:31:44.696 DEBUG --- [  MainThread] stevedore.extension        : found extension EntryPoint(name='events:pro', value='localstack_ext.providers:events', group='localstack.aws.provider')
2022-07-19T10:31:44.696 DEBUG --- [  MainThread] stevedore.extension        : found extension EntryPoint(name='glacier:pro', value='localstack_ext.providers:glacier', group='localstack.aws.provider')
2022-07-19T10:31:44.696 DEBUG --- [  MainThread] stevedore.extension        : found extension EntryPoint(name='glue:pro', value='localstack_ext.providers:glue', group='localstack.aws.provider')
2022-07-19T10:31:44.696 DEBUG --- [  MainThread] stevedore.extension        : found extension EntryPoint(name='iam:pro', value='localstack_ext.providers:iam', group='localstack.aws.provider')
2022-07-19T10:31:44.696 DEBUG --- [  MainThread] stevedore.extension        : found extension EntryPoint(name='iot-data:pro', value='localstack_ext.providers:iot_data', group='localstack.aws.provider')
2022-07-19T10:31:44.696 DEBUG --- [  MainThread] stevedore.extension        : found extension EntryPoint(name='iot:pro', value='localstack_ext.providers:iot', group='localstack.aws.provider')
2022-07-19T10:31:44.696 DEBUG --- [  MainThread] stevedore.extension        : found extension EntryPoint(name='iotanalytics:pro', value='localstack_ext.providers:iotanalytics', group='localstack.aws.provider')
2022-07-19T10:31:44.696 DEBUG --- [  MainThread] stevedore.extension        : found extension EntryPoint(name='iotwireless:pro', value='localstack_ext.providers:iotwireless', group='localstack.aws.provider')
2022-07-19T10:31:44.697 DEBUG --- [  MainThread] stevedore.extension        : found extension EntryPoint(name='kafka:pro', value='localstack_ext.providers:kafka', group='localstack.aws.provider')
2022-07-19T10:31:44.697 DEBUG --- [  MainThread] stevedore.extension        : found extension EntryPoint(name='kinesis:pro', value='localstack_ext.providers:kinesis', group='localstack.aws.provider')
2022-07-19T10:31:44.697 DEBUG --- [  MainThread] stevedore.extension        : found extension EntryPoint(name='kinesisanalytics:pro', value='localstack_ext.providers:kinesisanalytics', group='localstack.aws.provider')
2022-07-19T10:31:44.697 DEBUG --- [  MainThread] stevedore.extension        : found extension EntryPoint(name='kinesisanalyticsv2:pro', value='localstack_ext.providers:kinesisanalyticsv2', group='localstack.aws.provider')
2022-07-19T10:31:44.697 DEBUG --- [  MainThread] stevedore.extension        : found extension EntryPoint(name='kms:pro', value='localstack_ext.providers:kms', group='localstack.aws.provider')
2022-07-19T10:31:44.697 DEBUG --- [  MainThread] stevedore.extension        : found extension EntryPoint(name='lakeformation:pro', value='localstack_ext.providers:lakeformation', group='localstack.aws.provider')
2022-07-19T10:31:44.697 DEBUG --- [  MainThread] stevedore.extension        : found extension EntryPoint(name='lambda:pro', value='localstack_ext.providers:awslambda', group='localstack.aws.provider')
2022-07-19T10:31:44.697 DEBUG --- [  MainThread] stevedore.extension        : found extension EntryPoint(name='logs:pro', value='localstack_ext.providers:logs', group='localstack.aws.provider')
2022-07-19T10:31:44.697 DEBUG --- [  MainThread] stevedore.extension        : found extension EntryPoint(name='mediastore-data:pro', value='localstack_ext.providers:mediastore_data', group='localstack.aws.provider')
2022-07-19T10:31:44.697 DEBUG --- [  MainThread] stevedore.extension        : found extension EntryPoint(name='mediastore:pro', value='localstack_ext.providers:mediastore', group='localstack.aws.provider')
2022-07-19T10:31:44.697 DEBUG --- [  MainThread] stevedore.extension        : found extension EntryPoint(name='mwaa:pro', value='localstack_ext.providers:mwaa', group='localstack.aws.provider')
2022-07-19T10:31:44.697 DEBUG --- [  MainThread] stevedore.extension        : found extension EntryPoint(name='neptune:pro', value='localstack_ext.providers:neptune', group='localstack.aws.provider')
2022-07-19T10:31:44.697 DEBUG --- [  MainThread] stevedore.extension        : found extension EntryPoint(name='opensearch:pro', value='localstack_ext.providers:opensearch', group='localstack.aws.provider')
2022-07-19T10:31:44.697 DEBUG --- [  MainThread] stevedore.extension        : found extension EntryPoint(name='organizations:pro', value='localstack_ext.providers:organizations', group='localstack.aws.provider')
2022-07-19T10:31:44.697 DEBUG --- [  MainThread] stevedore.extension        : found extension EntryPoint(name='qldb-session:pro', value='localstack_ext.providers:qldb_session', group='localstack.aws.provider')
2022-07-19T10:31:44.697 DEBUG --- [  MainThread] stevedore.extension        : found extension EntryPoint(name='qldb:pro', value='localstack_ext.providers:qldb', group='localstack.aws.provider')
2022-07-19T10:31:44.697 DEBUG --- [  MainThread] stevedore.extension        : found extension EntryPoint(name='rds-data:pro', value='localstack_ext.providers:rds_data', group='localstack.aws.provider')
2022-07-19T10:31:44.697 DEBUG --- [  MainThread] stevedore.extension        : found extension EntryPoint(name='rds:pro', value='localstack_ext.providers:rds', group='localstack.aws.provider')
2022-07-19T10:31:44.697 DEBUG --- [  MainThread] stevedore.extension        : found extension EntryPoint(name='redshift-data:pro', value='localstack_ext.providers:redshift_data', group='localstack.aws.provider')
2022-07-19T10:31:44.698 DEBUG --- [  MainThread] stevedore.extension        : found extension EntryPoint(name='redshift:pro', value='localstack_ext.providers:redshift', group='localstack.aws.provider')
2022-07-19T10:31:44.698 DEBUG --- [  MainThread] stevedore.extension        : found extension EntryPoint(name='route53:pro', value='localstack_ext.providers:route53', group='localstack.aws.provider')
2022-07-19T10:31:44.698 DEBUG --- [  MainThread] stevedore.extension        : found extension EntryPoint(name='s3:pro', value='localstack_ext.providers:s3', group='localstack.aws.provider')
2022-07-19T10:31:44.698 DEBUG --- [  MainThread] stevedore.extension        : found extension EntryPoint(name='sagemaker:pro', value='localstack_ext.providers:sagemaker', group='localstack.aws.provider')
2022-07-19T10:31:44.698 DEBUG --- [  MainThread] stevedore.extension        : found extension EntryPoint(name='secretsmanager:pro', value='localstack_ext.providers:secretsmanager', group='localstack.aws.provider')
2022-07-19T10:31:44.698 DEBUG --- [  MainThread] stevedore.extension        : found extension EntryPoint(name='serverlessrepo:pro', value='localstack_ext.providers:serverlessrepo', group='localstack.aws.provider')
2022-07-19T10:31:44.698 DEBUG --- [  MainThread] stevedore.extension        : found extension EntryPoint(name='servicediscovery:pro', value='localstack_ext.providers:servicediscovery', group='localstack.aws.provider')
2022-07-19T10:31:44.698 DEBUG --- [  MainThread] stevedore.extension        : found extension EntryPoint(name='ses:pro', value='localstack_ext.providers:ses', group='localstack.aws.provider')
2022-07-19T10:31:44.698 DEBUG --- [  MainThread] stevedore.extension        : found extension EntryPoint(name='sesv2:pro', value='localstack_ext.providers:sesv2', group='localstack.aws.provider')
2022-07-19T10:31:44.698 DEBUG --- [  MainThread] stevedore.extension        : found extension EntryPoint(name='sns:pro', value='localstack_ext.providers:sns', group='localstack.aws.provider')
2022-07-19T10:31:44.698 DEBUG --- [  MainThread] stevedore.extension        : found extension EntryPoint(name='sqs:legacy_pro', value='localstack_ext.providers:sqs_legacy', group='localstack.aws.provider')
2022-07-19T10:31:44.698 DEBUG --- [  MainThread] stevedore.extension        : found extension EntryPoint(name='sqs:pro', value='localstack_ext.providers:sqs', group='localstack.aws.provider')
2022-07-19T10:31:44.698 DEBUG --- [  MainThread] stevedore.extension        : found extension EntryPoint(name='ssm:pro', value='localstack_ext.providers:ssm', group='localstack.aws.provider')
2022-07-19T10:31:44.698 DEBUG --- [  MainThread] stevedore.extension        : found extension EntryPoint(name='stepfunctions:pro', value='localstack_ext.providers:stepfunctions', group='localstack.aws.provider')
2022-07-19T10:31:44.698 DEBUG --- [  MainThread] stevedore.extension        : found extension EntryPoint(name='sts:pro', value='localstack_ext.providers:sts', group='localstack.aws.provider')
2022-07-19T10:31:44.698 DEBUG --- [  MainThread] stevedore.extension        : found extension EntryPoint(name='timestream-query:pro', value='localstack_ext.providers:timestream_query', group='localstack.aws.provider')
2022-07-19T10:31:44.698 DEBUG --- [  MainThread] stevedore.extension        : found extension EntryPoint(name='timestream-write:pro', value='localstack_ext.providers:timestream_write', group='localstack.aws.provider')
2022-07-19T10:31:44.699 DEBUG --- [  MainThread] stevedore.extension        : found extension EntryPoint(name='transfer:pro', value='localstack_ext.providers:transfer', group='localstack.aws.provider')
2022-07-19T10:31:44.699 DEBUG --- [  MainThread] stevedore.extension        : found extension EntryPoint(name='xray:pro', value='localstack_ext.providers:xray', group='localstack.aws.provider')
2022-07-19T10:31:44.699 DEBUG --- [  MainThread] l.utils.persistence        : saving startup info StartupInfo(timestamp='2022-07-19T10:31:44.699672', localstack_version='1.0.1.dev', localstack_ext_version='1.0.1.dev20220718204603', pro_activated=False)
2022-07-19T10:31:44.710 DEBUG --- [  MainThread] stevedore.extension        : found extension EntryPoint(name='extensions_on_infra_ready', value='localstack_ext.extensions.plugins:extensions_on_infra_ready', group='localstack.hooks.on_infra_ready')
2022-07-19T10:31:44.710 DEBUG --- [  MainThread] stevedore.extension        : found extension EntryPoint(name='initialize_health_info', value='localstack_ext.plugins:initialize_health_info', group='localstack.hooks.on_infra_ready')
2022-07-19T10:31:44.710 DEBUG --- [  MainThread] plugin.manager             : instantiating plugin PluginSpec(localstack.hooks.on_infra_ready.extensions_on_infra_ready = <function extensions_on_infra_ready at 0x7fd4ac8d89d0>)
2022-07-19T10:31:44.710 DEBUG --- [  MainThread] plugin.manager             : plugin localstack.hooks.on_infra_ready:extensions_on_infra_ready is disabled
2022-07-19T10:31:44.710 DEBUG --- [  MainThread] plugin.manager             : instantiating plugin PluginSpec(localstack.hooks.on_infra_ready.initialize_health_info = <function initialize_health_info at 0x7fd4ac8c7e20>)
2022-07-19T10:31:44.710 DEBUG --- [  MainThread] plugin.manager             : plugin localstack.hooks.on_infra_ready:initialize_health_info is disabled
2022-07-19T10:46:42.831 DEBUG --- [   asgi_gw_0] plugin.manager             : instantiating plugin PluginSpec(localstack.aws.provider.s3:default = <function s3 at 0x7fd4a67df7f0>)
2022-07-19T10:46:42.831 DEBUG --- [   asgi_gw_0] plugin.manager             : loading plugin localstack.aws.provider:s3:default
2022-07-19T10:46:42.902  INFO --- [  Thread-192] l.services.motoserver      : starting moto server on http://0.0.0.0:49843
2022-07-19T10:46:42.903  INFO --- [   asgi_gw_0] localstack.services.infra  : Starting mock S3 service on http port 4566 ...
2022-07-19T10:46:43.292  INFO --- [   asgi_gw_0] localstack.request.aws     : AWS s3.CreateBucket => 200
2022-07-19T10:48:37.120  INFO --- [   asgi_gw_0] localstack.request.aws     : AWS s3.CreateBucket => 200
2022-07-19T13:15:32.434  INFO --- [   asgi_gw_0] localstack.request.aws     : AWS s3.CreateBucket => 200
2022-07-19T14:20:44.150  INFO --- [   asgi_gw_0] localstack.request.aws     : AWS s3.CreateBucket => 200
2022-07-19T14:21:48.047  INFO --- [   asgi_gw_0] localstack.request.aws     : AWS s3.PutObject => 200
2022-07-19T14:23:32.739  INFO --- [   asgi_gw_0] localstack.request.aws     : AWS s3.PutObject => 200
2022-07-19T14:26:08.893  INFO --- [   asgi_gw_0] localstack.request.aws     : AWS s3.PutObject => 200
2022-07-19T14:31:27.670 DEBUG --- [   asgi_gw_0] l.aws.handlers.service     : no service set in context, skipping request parsing
2022-07-19T14:31:27.672  INFO --- [   asgi_gw_0] localstack.request.http    : GET / => 200
2022-07-19T14:31:28.017  INFO --- [   asgi_gw_0] localstack.request.aws     : AWS s3.ListObjects => 404 (404)
2022-07-19T14:31:43.141  INFO --- [   asgi_gw_0] localstack.request.aws     : AWS s3.ListObjects => 404 (NoSuchBucket)
2022-07-19T14:31:55.492  INFO --- [   asgi_gw_0] localstack.request.aws     : AWS s3.GetObject => 200
2022-07-19T14:32:59.924  INFO --- [   asgi_gw_0] localstack.request.aws     : AWS s3.CreateBucket => 200
2022-07-19T14:33:58.482  INFO --- [   asgi_gw_0] localstack.request.aws     : AWS s3.PutObject => 200
2022-07-19T14:34:03.125  INFO --- [   asgi_gw_0] localstack.request.aws     : AWS s3.GetObject => 304
2022-07-19T14:47:35.932  INFO --- [   asgi_gw_0] localstack.request.aws     : AWS s3.CreateBucket => 200
2022-07-19T14:48:20.890  INFO --- [   asgi_gw_0] localstack.request.aws     : AWS s3.PutObject => 200
2022-07-19T14:49:41.064  INFO --- [   asgi_gw_0] localstack.request.aws     : AWS s3.PutObject => 200
2022-07-19T14:49:50.341  INFO --- [   asgi_gw_0] localstack.request.aws     : AWS s3.CreateBucket => 200
2022-07-19T14:50:05.350  INFO --- [   asgi_gw_0] localstack.request.aws     : AWS s3.CreateBucket => 200
2022-07-19T14:50:36.852  INFO --- [   asgi_gw_0] localstack.request.aws     : AWS s3.PutObject => 200
2022-07-19T14:50:51.428  INFO --- [   asgi_gw_0] localstack.request.aws     : AWS s3.GetObject => 304
2022-07-19T15:46:02.146  INFO --- [   asgi_gw_0] localstack.request.aws     : AWS s3.CreateBucket => 200
2022-07-19T16:00:51.308  INFO --- [   asgi_gw_0] localstack.request.aws     : AWS s3.CreateBucket => 200
